3-5-2026 16:53:17 - verbose: Arguments:
3-5-2026 16:53:17 - verbose:   /Applications/Cocos/Creator/3.7.3/CocosCreator.app/Contents/MacOS/CocosCreator: true
3-5-2026 16:53:17 - verbose:   project: /Users/SivasankarS/My_Work_Space/Projects /Cocos/FGUI
3-5-2026 16:53:17 - verbose:   can-show-upgrade-dialog: true
3-5-2026 16:53:17 - verbose:   dev: false
3-5-2026 16:53:17 - verbose:   home: /Users/SivasankarS/.CocosCreator
3-5-2026 16:53:17 - verbose:  
3-5-2026 16:53:21 - verbose: [Package] menu@1.0.0 enable
3-5-2026 16:53:21 - verbose: [Package] profile@1.0.0 enable
3-5-2026 16:53:21 - verbose: [Package] project@1.0.4 enable
3-5-2026 16:53:21 - verbose: [Package] messages@1.0.0 enable
3-5-2026 16:53:21 - verbose: [Package] program@1.0.3 enable
3-5-2026 16:53:21 - verbose: [Package] tester@1.0.0 enable
3-5-2026 16:53:21 - verbose: [Package] information@1.0.0 enable
3-5-2026 16:53:21 - verbose: [Package] preferences@1.0.0 enable
3-5-2026 16:53:22 - log: Load engine in /Applications/Cocos/Creator/3.7.3/CocosCreator.app/Contents/Resources/resources/3d/engine
3-5-2026 16:53:23 - log: Profile changed: engine (modules.includeModules: 2d,animation,audio,base,dragon-bones,gfx-webgl,gfx-webgl2,intersection-2d,particle-2d,physics-2d-box2d,profiler,spine,tiled-map,tween,ui,video,webview)
3-5-2026 16:53:23 - log: Register native engine in /Applications/Cocos/Creator/3.7.3/CocosCreator.app/Contents/Resources/resources/3d/engine/native
3-5-2026 16:53:23 - verbose: [Package] engine@1.0.7 enable
3-5-2026 16:53:23 - verbose: [Package] programming@1.0.0 enable
3-5-2026 16:53:23 - verbose: [Package] device@1.0.1 enable
3-5-2026 16:53:23 - verbose: [Package] ui-kit@1.0.1 enable
3-5-2026 16:53:23 - verbose: [Package] asset-db@1.0.0 enable
3-5-2026 16:53:23 - verbose: [Package] scene@1.0.0 enable
3-5-2026 16:53:23 - verbose: [Package] server@1.0.0 enable
3-5-2026 16:53:23 - verbose: [Package] utils@1.0.0 enable
3-5-2026 16:53:27 - verbose: [Package] preview@1.0.1 enable
3-5-2026 16:53:27 - verbose: [Package] animator@1.0.0 enable
3-5-2026 16:53:27 - verbose: [Build-plugin] register pkg scene: 0ms
3-5-2026 16:53:27 - verbose: Builder PluginManager init: 0ms
3-5-2026 16:53:27 - verbose: [Package] builder@1.3.5 enable
3-5-2026 16:53:27 - verbose: [Package] shortcuts@1.0.1 enable
3-5-2026 16:53:27 - verbose: [Package] animation-graph@1.0.0 enable
3-5-2026 16:53:27 - verbose: [Package] about@1.0.2 enable
3-5-2026 16:53:27 - verbose: [Package] assets@1.0.0 enable
3-5-2026 16:53:27 - verbose: [Package] console@1.0.0 enable
3-5-2026 16:53:27 - verbose: [Package] crash-reporter@1.0.0 enable
3-5-2026 16:53:28 - verbose: [Package] extension@3.1.1 enable
3-5-2026 16:53:28 - verbose: [Package] hierarchy@1.0.0 enable
3-5-2026 16:53:28 - verbose: [Package] inspector@1.0.0 enable
3-5-2026 16:53:28 - verbose: [Package] light-probe@1.0.4 enable
3-5-2026 16:53:28 - verbose: [Package] lightmap@1.0.4 enable
3-5-2026 16:53:28 - verbose: [Package] node-library@1.0.1 enable
3-5-2026 16:53:28 - verbose: [Package] package-asset@1.0.1 enable
3-5-2026 16:53:28 - verbose: [Package] process@1.0.0 enable
3-5-2026 16:53:28 - verbose: [Package] reference-image@1.0.0 enable
3-5-2026 16:53:28 - verbose: [Package] reflection-probe@1.0.4 enable
3-5-2026 16:53:28 - verbose: [Package] engine-extends@1.0.0 enable
3-5-2026 16:53:28 - verbose: [Package] alipay-mini-game@1.0.1 enable
3-5-2026 16:53:28 - verbose: [Package] android@1.0.1 enable
3-5-2026 16:53:28 - verbose: [Package] bytedance-mini-game@1.0.2 enable
3-5-2026 16:53:28 - verbose: [Package] certificate@1.0.0 enable
3-5-2026 16:53:28 - verbose: [Package] channel-upload-tools@1.0.0 enable
3-5-2026 16:53:28 - verbose: [Package] fb-instant-games@1.0.0 enable
3-5-2026 16:53:28 - verbose: [Package] huawei-agc@1.0.0 enable
3-5-2026 16:53:28 - verbose: [Package] huawei-quick-game@1.0.1 enable
3-5-2026 16:53:28 - verbose: [Package] ios@1.0.0 enable
3-5-2026 16:53:28 - verbose: [Package] linux@1.0.0 enable
3-5-2026 16:53:28 - verbose: [Package] mac@1.0.0 enable
3-5-2026 16:53:29 - verbose: [Package] native@1.0.2 enable
3-5-2026 16:53:29 - verbose: [Build-plugin] register pkg native: 19ms
3-5-2026 16:53:29 - verbose: [Package] ohos@1.0.0 enable
3-5-2026 16:53:29 - verbose: asset-db is ready!
3-5-2026 16:53:29 - verbose: [Package] open-harmonyos@1.0.0 enable
3-5-2026 16:53:29 - verbose: [Package] oppo-mini-game@1.0.1 enable
3-5-2026 16:53:29 - verbose: [Package] runtime-dev-tools@1.0.0 enable
3-5-2026 16:53:29 - verbose: [Package] taobao-creative-app@1.0.0 enable
3-5-2026 16:53:29 - verbose: [Package] taobao-mini-game@1.0.0 enable
3-5-2026 16:53:29 - verbose: [Package] vivo-mini-game@1.0.1 enable
3-5-2026 16:53:29 - verbose: [Package] web-desktop@1.0.1 enable
3-5-2026 16:53:29 - verbose: [Package] web-mobile@1.0.1 enable
3-5-2026 16:53:29 - verbose: [Package] wechatgame@1.0.2 enable
3-5-2026 16:53:29 - verbose: [Package] wechatprogram@1.0.2 enable
3-5-2026 16:53:29 - verbose: [Package] windows@1.0.1 enable
3-5-2026 16:53:29 - verbose: [Package] xiaomi-quick-game@1.0.1 enable
3-5-2026 16:53:29 - verbose: [Package] cocos-service@3.0.7 enable
3-5-2026 16:53:29 - verbose: [Build-plugin] register pkg cocos-service: 16ms
3-5-2026 16:53:29 - verbose: [Package] im-plugin@3.0.12 enable
3-5-2026 16:53:29 - verbose: [Package] placeholder@1.0.0 enable
3-5-2026 16:53:29 - verbose: [Build-plugin] register pkg huawei-agc: 1284ms
3-5-2026 16:53:29 - verbose: [Build-plugin] register pkg fb-instant-games: 1334ms
3-5-2026 16:53:29 - verbose: [Build-plugin] register pkg huawei-quick-game: 1289ms
3-5-2026 16:53:29 - verbose: [Build-plugin] register pkg android: 1459ms
3-5-2026 16:53:29 - verbose: [Build-plugin] register pkg bytedance-mini-game: 1426ms
3-5-2026 16:53:30 - verbose: [Build-plugin] register pkg mac: 1092ms
3-5-2026 16:53:30 - verbose: [Build-plugin] register pkg ios: 1183ms
3-5-2026 16:53:30 - verbose: [Build-plugin] register pkg taobao-creative-app: 1108ms
3-5-2026 16:53:30 - verbose: [Build-plugin] register pkg taobao-mini-game: 1139ms
3-5-2026 16:53:30 - verbose: [Build-plugin] register pkg oppo-mini-game: 1220ms
3-5-2026 16:53:30 - verbose: [Build-plugin] register pkg xiaomi-quick-game: 1128ms
3-5-2026 16:53:30 - verbose: [Build-plugin] register pkg wechatgame: 1271ms
3-5-2026 16:53:30 - verbose: [Build-plugin] register pkg web-mobile: 1413ms
3-5-2026 16:53:31 - verbose: [Build-plugin] register pkg vivo-mini-game: 1804ms
3-5-2026 16:53:31 - verbose: [Build-plugin] register pkg ohos: 1982ms
3-5-2026 16:53:31 - info: [Scene] [Physics][Bullet]: Using asmjs Bullet libs.
3-5-2026 16:53:31 - info: [Scene] [PHYSICS]: using builtin.
3-5-2026 16:53:31 - log: [Scene] Cocos Creator v3.7.3
3-5-2026 16:53:31 - info: [Scene] Forward render pipeline initialized.
3-5-2026 16:53:31 - info: [Scene] [PHYSICS2D]: switch from builtin to box2d.
3-5-2026 16:53:31 - verbose: [Build-plugin] register pkg windows: 2120ms
3-5-2026 16:53:31 - info: [PreviewInEditor] preview process is ready
3-5-2026 16:53:32 - verbose: [Build-plugin] register pkg web-desktop: 3118ms
3-5-2026 16:54:56 - info: [PreviewInEditor] [Physics][Bullet]: Using asmjs Bullet libs.
3-5-2026 16:54:56 - info: [PreviewInEditor] [PHYSICS]: using builtin.
3-5-2026 16:55:01 - log: [PreviewInEditor] Cocos Creator v3.7.3
3-5-2026 16:55:01 - info: [PreviewInEditor] Forward render pipeline initialized.
3-5-2026 16:55:01 - info: [PreviewInEditor] [PHYSICS2D]: switch from builtin to box2d.
3-5-2026 16:55:05 - warn: [PreviewInEditor] Camera 'Editor Camera' clear flag is skybox, but skybox is disabled,  may cause strange background effect, please set camera clear flag to solid color.Error: [PreviewInEditor] Camera 'Editor Camera' clear flag is skybox, but skybox is disabled,  may cause strange background effect, please set camera clear flag to solid color.
    at warn (/Applications/Cocos/Creator/3.7.3/CocosCreator.app/Contents/Resources/resources/3d/engine/bin/.cache/dev/editor/bundled/index.js:147034:12)
    at Object.warnID (/Applications/Cocos/Creator/3.7.3/CocosCreator.app/Contents/Resources/resources/3d/engine/bin/.cache/dev/editor/bundled/index.js:147253:5)
    at sceneCulling (/Applications/Cocos/Creator/3.7.3/CocosCreator.app/Contents/Resources/resources/3d/engine/bin/.cache/dev/editor/bundled/index.js:43445:18)
    at ForwardPipeline.render (/Applications/Cocos/Creator/3.7.3/CocosCreator.app/Contents/Resources/resources/3d/engine/bin/.cache/dev/editor/bundled/index.js:41900:15)
    at Root._frameMoveEnd (/Applications/Cocos/Creator/3.7.3/CocosCreator.app/Contents/Resources/resources/3d/engine/bin/.cache/dev/editor/bundled/index.js:3596:28)
    at Root.frameMove (/Applications/Cocos/Creator/3.7.3/CocosCreator.app/Contents/Resources/resources/3d/engine/bin/.cache/dev/editor/bundled/index.js:3231:18)
    at Director.tick (/Applications/Cocos/Creator/3.7.3/CocosCreator.app/Contents/Resources/resources/3d/engine/bin/.cache/dev/editor/bundled/index.js:13884:24)
3-5-2026 16:55:05 - warn: [PreviewInEditor] Camera 'Editor Camera' clear flag is skybox, but skybox is disabled,  may cause strange background effect, please set camera clear flag to solid color.Error: [PreviewInEditor] Camera 'Editor Camera' clear flag is skybox, but skybox is disabled,  may cause strange background effect, please set camera clear flag to solid color.
    at warn (/Applications/Cocos/Creator/3.7.3/CocosCreator.app/Contents/Resources/resources/3d/engine/bin/.cache/dev/editor/bundled/index.js:147034:12)
    at Object.warnID (/Applications/Cocos/Creator/3.7.3/CocosCreator.app/Contents/Resources/resources/3d/engine/bin/.cache/dev/editor/bundled/index.js:147253:5)
    at sceneCulling (/Applications/Cocos/Creator/3.7.3/CocosCreator.app/Contents/Resources/resources/3d/engine/bin/.cache/dev/editor/bundled/index.js:43445:18)
    at ForwardPipeline.render (/Applications/Cocos/Creator/3.7.3/CocosCreator.app/Contents/Resources/resources/3d/engine/bin/.cache/dev/editor/bundled/index.js:41900:15)
    at Root._frameMoveEnd (/Applications/Cocos/Creator/3.7.3/CocosCreator.app/Contents/Resources/resources/3d/engine/bin/.cache/dev/editor/bundled/index.js:3596:28)
    at Root.frameMove (/Applications/Cocos/Creator/3.7.3/CocosCreator.app/Contents/Resources/resources/3d/engine/bin/.cache/dev/editor/bundled/index.js:3231:18)
    at Director.tick (/Applications/Cocos/Creator/3.7.3/CocosCreator.app/Contents/Resources/resources/3d/engine/bin/.cache/dev/editor/bundled/index.js:13884:24)
3-5-2026 16:55:07 - info: [PreviewInEditor] preview process is ready
3-5-2026 16:55:09 - info: [PreviewInEditor] [Physics][Bullet]: Using asmjs Bullet libs.
3-5-2026 16:55:09 - info: [PreviewInEditor] [PHYSICS]: using builtin.
3-5-2026 16:55:14 - log: [PreviewInEditor] Cocos Creator v3.7.3
3-5-2026 16:55:14 - info: [PreviewInEditor] Forward render pipeline initialized.
3-5-2026 16:55:14 - info: [PreviewInEditor] [PHYSICS2D]: switch from builtin to box2d.
3-5-2026 16:55:18 - warn: [PreviewInEditor] Camera 'Editor Camera' clear flag is skybox, but skybox is disabled,  may cause strange background effect, please set camera clear flag to solid color.Error: [PreviewInEditor] Camera 'Editor Camera' clear flag is skybox, but skybox is disabled,  may cause strange background effect, please set camera clear flag to solid color.
    at warn (/Applications/Cocos/Creator/3.7.3/CocosCreator.app/Contents/Resources/resources/3d/engine/bin/.cache/dev/editor/bundled/index.js:147034:12)
    at Object.warnID (/Applications/Cocos/Creator/3.7.3/CocosCreator.app/Contents/Resources/resources/3d/engine/bin/.cache/dev/editor/bundled/index.js:147253:5)
    at sceneCulling (/Applications/Cocos/Creator/3.7.3/CocosCreator.app/Contents/Resources/resources/3d/engine/bin/.cache/dev/editor/bundled/index.js:43445:18)
    at ForwardPipeline.render (/Applications/Cocos/Creator/3.7.3/CocosCreator.app/Contents/Resources/resources/3d/engine/bin/.cache/dev/editor/bundled/index.js:41900:15)
    at Root._frameMoveEnd (/Applications/Cocos/Creator/3.7.3/CocosCreator.app/Contents/Resources/resources/3d/engine/bin/.cache/dev/editor/bundled/index.js:3596:28)
    at Root.frameMove (/Applications/Cocos/Creator/3.7.3/CocosCreator.app/Contents/Resources/resources/3d/engine/bin/.cache/dev/editor/bundled/index.js:3231:18)
    at Director.tick (/Applications/Cocos/Creator/3.7.3/CocosCreator.app/Contents/Resources/resources/3d/engine/bin/.cache/dev/editor/bundled/index.js:13884:24)
3-5-2026 16:55:18 - warn: [PreviewInEditor] Camera 'Editor Camera' clear flag is skybox, but skybox is disabled,  may cause strange background effect, please set camera clear flag to solid color.Error: [PreviewInEditor] Camera 'Editor Camera' clear flag is skybox, but skybox is disabled,  may cause strange background effect, please set camera clear flag to solid color.
    at warn (/Applications/Cocos/Creator/3.7.3/CocosCreator.app/Contents/Resources/resources/3d/engine/bin/.cache/dev/editor/bundled/index.js:147034:12)
    at Object.warnID (/Applications/Cocos/Creator/3.7.3/CocosCreator.app/Contents/Resources/resources/3d/engine/bin/.cache/dev/editor/bundled/index.js:147253:5)
    at sceneCulling (/Applications/Cocos/Creator/3.7.3/CocosCreator.app/Contents/Resources/resources/3d/engine/bin/.cache/dev/editor/bundled/index.js:43445:18)
    at ForwardPipeline.render (/Applications/Cocos/Creator/3.7.3/CocosCreator.app/Contents/Resources/resources/3d/engine/bin/.cache/dev/editor/bundled/index.js:41900:15)
    at Root._frameMoveEnd (/Applications/Cocos/Creator/3.7.3/CocosCreator.app/Contents/Resources/resources/3d/engine/bin/.cache/dev/editor/bundled/index.js:3596:28)
    at Root.frameMove (/Applications/Cocos/Creator/3.7.3/CocosCreator.app/Contents/Resources/resources/3d/engine/bin/.cache/dev/editor/bundled/index.js:3231:18)
    at Director.tick (/Applications/Cocos/Creator/3.7.3/CocosCreator.app/Contents/Resources/resources/3d/engine/bin/.cache/dev/editor/bundled/index.js:13884:24)
3-5-2026 16:55:20 - error: [PreviewInEditor] Offset is outside the bounds of the DataViewRangeError: Offset is outside the bounds of the DataView
    at DataView.getUint32 (<anonymous>)
    at ByteBuffer.readUint (file:///Users/SivasankarS/My_Work_Space/Projects%20/Cocos/FGUI/temp/programming/packer-driver/targets/editor/chunks/52/5278aae70665615fa3377c62065cabf95196b0b8.js:5382:32)
    at UIPackage.loadPackage (file:///Users/SivasankarS/My_Work_Space/Projects%20/Cocos/FGUI/temp/programming/packer-driver/targets/editor/chunks/52/5278aae70665615fa3377c62065cabf95196b0b8.js:5752:22)
    at file:///Users/SivasankarS/My_Work_Space/Projects%20/Cocos/FGUI/temp/programming/packer-driver/targets/editor/chunks/52/5278aae70665615fa3377c62065cabf95196b0b8.js:5644:17
    at eval (/Applications/Cocos/Creator/3.7.3/CocosCreator.app/Contents/Resources/resources/3d/engine/bin/.cache/dev/editor/bundled/index.js:161562:9)
    at eval (/Applications/Cocos/Creator/3.7.3/CocosCreator.app/Contents/Resources/resources/3d/engine/bin/.cache/dev/editor/bundled/index.js:151730:9)
3-5-2026 16:55:40 - error: [PreviewInEditor] Offset is outside the bounds of the DataViewRangeError: Offset is outside the bounds of the DataView
    at DataView.getUint32 (<anonymous>)
    at ByteBuffer.readUint (file:///Users/SivasankarS/My_Work_Space/Projects%20/Cocos/FGUI/temp/programming/packer-driver/targets/editor/chunks/52/5278aae70665615fa3377c62065cabf95196b0b8.js:5382:32)
    at UIPackage.loadPackage (file:///Users/SivasankarS/My_Work_Space/Projects%20/Cocos/FGUI/temp/programming/packer-driver/targets/editor/chunks/52/5278aae70665615fa3377c62065cabf95196b0b8.js:5752:22)
    at file:///Users/SivasankarS/My_Work_Space/Projects%20/Cocos/FGUI/temp/programming/packer-driver/targets/editor/chunks/52/5278aae70665615fa3377c62065cabf95196b0b8.js:5644:17
    at eval (/Applications/Cocos/Creator/3.7.3/CocosCreator.app/Contents/Resources/resources/3d/engine/bin/.cache/dev/editor/bundled/index.js:161562:9)
    at eval (/Applications/Cocos/Creator/3.7.3/CocosCreator.app/Contents/Resources/resources/3d/engine/bin/.cache/dev/editor/bundled/index.js:151730:9)
3-5-2026 16:55:41 - info: [PreviewInEditor] preview process is ready
3-5-2026 16:56:14 - info: [PreviewInEditor] [Physics][Bullet]: Using asmjs Bullet libs.
3-5-2026 16:56:14 - info: [PreviewInEditor] [PHYSICS]: using builtin.
3-5-2026 16:56:19 - log: [PreviewInEditor] Cocos Creator v3.7.3
3-5-2026 16:56:19 - info: [PreviewInEditor] Forward render pipeline initialized.
3-5-2026 16:56:19 - info: [PreviewInEditor] [PHYSICS2D]: switch from builtin to box2d.
3-5-2026 16:56:23 - warn: [PreviewInEditor] Camera 'Editor Camera' clear flag is skybox, but skybox is disabled,  may cause strange background effect, please set camera clear flag to solid color.Error: [PreviewInEditor] Camera 'Editor Camera' clear flag is skybox, but skybox is disabled,  may cause strange background effect, please set camera clear flag to solid color.
    at warn (/Applications/Cocos/Creator/3.7.3/CocosCreator.app/Contents/Resources/resources/3d/engine/bin/.cache/dev/editor/bundled/index.js:147034:12)
    at Object.warnID (/Applications/Cocos/Creator/3.7.3/CocosCreator.app/Contents/Resources/resources/3d/engine/bin/.cache/dev/editor/bundled/index.js:147253:5)
    at sceneCulling (/Applications/Cocos/Creator/3.7.3/CocosCreator.app/Contents/Resources/resources/3d/engine/bin/.cache/dev/editor/bundled/index.js:43445:18)
    at ForwardPipeline.render (/Applications/Cocos/Creator/3.7.3/CocosCreator.app/Contents/Resources/resources/3d/engine/bin/.cache/dev/editor/bundled/index.js:41900:15)
    at Root._frameMoveEnd (/Applications/Cocos/Creator/3.7.3/CocosCreator.app/Contents/Resources/resources/3d/engine/bin/.cache/dev/editor/bundled/index.js:3596:28)
    at Root.frameMove (/Applications/Cocos/Creator/3.7.3/CocosCreator.app/Contents/Resources/resources/3d/engine/bin/.cache/dev/editor/bundled/index.js:3231:18)
    at Director.tick (/Applications/Cocos/Creator/3.7.3/CocosCreator.app/Contents/Resources/resources/3d/engine/bin/.cache/dev/editor/bundled/index.js:13884:24)
3-5-2026 16:56:23 - warn: [PreviewInEditor] Camera 'Editor Camera' clear flag is skybox, but skybox is disabled,  may cause strange background effect, please set camera clear flag to solid color.Error: [PreviewInEditor] Camera 'Editor Camera' clear flag is skybox, but skybox is disabled,  may cause strange background effect, please set camera clear flag to solid color.
    at warn (/Applications/Cocos/Creator/3.7.3/CocosCreator.app/Contents/Resources/resources/3d/engine/bin/.cache/dev/editor/bundled/index.js:147034:12)
    at Object.warnID (/Applications/Cocos/Creator/3.7.3/CocosCreator.app/Contents/Resources/resources/3d/engine/bin/.cache/dev/editor/bundled/index.js:147253:5)
    at sceneCulling (/Applications/Cocos/Creator/3.7.3/CocosCreator.app/Contents/Resources/resources/3d/engine/bin/.cache/dev/editor/bundled/index.js:43445:18)
    at ForwardPipeline.render (/Applications/Cocos/Creator/3.7.3/CocosCreator.app/Contents/Resources/resources/3d/engine/bin/.cache/dev/editor/bundled/index.js:41900:15)
    at Root._frameMoveEnd (/Applications/Cocos/Creator/3.7.3/CocosCreator.app/Contents/Resources/resources/3d/engine/bin/.cache/dev/editor/bundled/index.js:3596:28)
    at Root.frameMove (/Applications/Cocos/Creator/3.7.3/CocosCreator.app/Contents/Resources/resources/3d/engine/bin/.cache/dev/editor/bundled/index.js:3231:18)
    at Director.tick (/Applications/Cocos/Creator/3.7.3/CocosCreator.app/Contents/Resources/resources/3d/engine/bin/.cache/dev/editor/bundled/index.js:13884:24)
3-5-2026 16:56:24 - error: [PreviewInEditor] Offset is outside the bounds of the DataViewRangeError: Offset is outside the bounds of the DataView
    at DataView.getUint32 (<anonymous>)
    at ByteBuffer.readUint (file:///Users/SivasankarS/My_Work_Space/Projects%20/Cocos/FGUI/temp/programming/packer-driver/targets/editor/chunks/52/5278aae70665615fa3377c62065cabf95196b0b8.js:5382:32)
    at UIPackage.loadPackage (file:///Users/SivasankarS/My_Work_Space/Projects%20/Cocos/FGUI/temp/programming/packer-driver/targets/editor/chunks/52/5278aae70665615fa3377c62065cabf95196b0b8.js:5752:22)
    at file:///Users/SivasankarS/My_Work_Space/Projects%20/Cocos/FGUI/temp/programming/packer-driver/targets/editor/chunks/52/5278aae70665615fa3377c62065cabf95196b0b8.js:5644:17
    at eval (/Applications/Cocos/Creator/3.7.3/CocosCreator.app/Contents/Resources/resources/3d/engine/bin/.cache/dev/editor/bundled/index.js:161562:9)
    at eval (/Applications/Cocos/Creator/3.7.3/CocosCreator.app/Contents/Resources/resources/3d/engine/bin/.cache/dev/editor/bundled/index.js:151730:9)
3-5-2026 16:57:30 - error: [PreviewInEditor] Offset is outside the bounds of the DataViewRangeError: Offset is outside the bounds of the DataView
    at DataView.getUint32 (<anonymous>)
    at ByteBuffer.readUint (file:///Users/SivasankarS/My_Work_Space/Projects%20/Cocos/FGUI/temp/programming/packer-driver/targets/editor/chunks/52/5278aae70665615fa3377c62065cabf95196b0b8.js:5382:32)
    at UIPackage.loadPackage (file:///Users/SivasankarS/My_Work_Space/Projects%20/Cocos/FGUI/temp/programming/packer-driver/targets/editor/chunks/52/5278aae70665615fa3377c62065cabf95196b0b8.js:5752:22)
    at file:///Users/SivasankarS/My_Work_Space/Projects%20/Cocos/FGUI/temp/programming/packer-driver/targets/editor/chunks/52/5278aae70665615fa3377c62065cabf95196b0b8.js:5644:17
    at eval (/Applications/Cocos/Creator/3.7.3/CocosCreator.app/Contents/Resources/resources/3d/engine/bin/.cache/dev/editor/bundled/index.js:161562:9)
    at eval (/Applications/Cocos/Creator/3.7.3/CocosCreator.app/Contents/Resources/resources/3d/engine/bin/.cache/dev/editor/bundled/index.js:151730:9)
3-5-2026 16:57:31 - info: [PreviewInEditor] preview process is ready
3-5-2026 17:03:08 - info: [PreviewInEditor] [Physics][Bullet]: Using asmjs Bullet libs.
3-5-2026 17:03:08 - info: [PreviewInEditor] [PHYSICS]: using builtin.
3-5-2026 17:03:39 - info: [PreviewInEditor] preview process is ready
3-5-2026 17:03:45 - info: [PreviewInEditor] [Physics][Bullet]: Using asmjs Bullet libs.
3-5-2026 17:03:45 - info: [PreviewInEditor] [PHYSICS]: using builtin.
3-5-2026 17:03:50 - log: [PreviewInEditor] Cocos Creator v3.7.3
3-5-2026 17:03:50 - info: [PreviewInEditor] Forward render pipeline initialized.
3-5-2026 17:03:50 - info: [PreviewInEditor] [PHYSICS2D]: switch from builtin to box2d.
3-5-2026 17:03:54 - warn: [PreviewInEditor] Camera 'Editor Camera' clear flag is skybox, but skybox is disabled,  may cause strange background effect, please set camera clear flag to solid color.Error: [PreviewInEditor] Camera 'Editor Camera' clear flag is skybox, but skybox is disabled,  may cause strange background effect, please set camera clear flag to solid color.
    at warn (/Applications/Cocos/Creator/3.7.3/CocosCreator.app/Contents/Resources/resources/3d/engine/bin/.cache/dev/editor/bundled/index.js:147034:12)
    at Object.warnID (/Applications/Cocos/Creator/3.7.3/CocosCreator.app/Contents/Resources/resources/3d/engine/bin/.cache/dev/editor/bundled/index.js:147253:5)
    at sceneCulling (/Applications/Cocos/Creator/3.7.3/CocosCreator.app/Contents/Resources/resources/3d/engine/bin/.cache/dev/editor/bundled/index.js:43445:18)
    at ForwardPipeline.render (/Applications/Cocos/Creator/3.7.3/CocosCreator.app/Contents/Resources/resources/3d/engine/bin/.cache/dev/editor/bundled/index.js:41900:15)
    at Root._frameMoveEnd (/Applications/Cocos/Creator/3.7.3/CocosCreator.app/Contents/Resources/resources/3d/engine/bin/.cache/dev/editor/bundled/index.js:3596:28)
    at Root.frameMove (/Applications/Cocos/Creator/3.7.3/CocosCreator.app/Contents/Resources/resources/3d/engine/bin/.cache/dev/editor/bundled/index.js:3231:18)
    at Director.tick (/Applications/Cocos/Creator/3.7.3/CocosCreator.app/Contents/Resources/resources/3d/engine/bin/.cache/dev/editor/bundled/index.js:13884:24)
3-5-2026 17:03:54 - warn: [PreviewInEditor] Camera 'Editor Camera' clear flag is skybox, but skybox is disabled,  may cause strange background effect, please set camera clear flag to solid color.Error: [PreviewInEditor] Camera 'Editor Camera' clear flag is skybox, but skybox is disabled,  may cause strange background effect, please set camera clear flag to solid color.
    at warn (/Applications/Cocos/Creator/3.7.3/CocosCreator.app/Contents/Resources/resources/3d/engine/bin/.cache/dev/editor/bundled/index.js:147034:12)
    at Object.warnID (/Applications/Cocos/Creator/3.7.3/CocosCreator.app/Contents/Resources/resources/3d/engine/bin/.cache/dev/editor/bundled/index.js:147253:5)
    at sceneCulling (/Applications/Cocos/Creator/3.7.3/CocosCreator.app/Contents/Resources/resources/3d/engine/bin/.cache/dev/editor/bundled/index.js:43445:18)
    at ForwardPipeline.render (/Applications/Cocos/Creator/3.7.3/CocosCreator.app/Contents/Resources/resources/3d/engine/bin/.cache/dev/editor/bundled/index.js:41900:15)
    at Root._frameMoveEnd (/Applications/Cocos/Creator/3.7.3/CocosCreator.app/Contents/Resources/resources/3d/engine/bin/.cache/dev/editor/bundled/index.js:3596:28)
    at Root.frameMove (/Applications/Cocos/Creator/3.7.3/CocosCreator.app/Contents/Resources/resources/3d/engine/bin/.cache/dev/editor/bundled/index.js:3231:18)
    at Director.tick (/Applications/Cocos/Creator/3.7.3/CocosCreator.app/Contents/Resources/resources/3d/engine/bin/.cache/dev/editor/bundled/index.js:13884:24)
3-5-2026 17:03:54 - error: [PreviewInEditor] Offset is outside the bounds of the DataViewRangeError: Offset is outside the bounds of the DataView
    at DataView.getUint32 (<anonymous>)
    at ByteBuffer.readUint (file:///Users/SivasankarS/My_Work_Space/Projects%20/Cocos/FGUI/temp/programming/packer-driver/targets/editor/chunks/52/5278aae70665615fa3377c62065cabf95196b0b8.js:5382:32)
    at UIPackage.loadPackage (file:///Users/SivasankarS/My_Work_Space/Projects%20/Cocos/FGUI/temp/programming/packer-driver/targets/editor/chunks/52/5278aae70665615fa3377c62065cabf95196b0b8.js:5752:22)
    at file:///Users/SivasankarS/My_Work_Space/Projects%20/Cocos/FGUI/temp/programming/packer-driver/targets/editor/chunks/52/5278aae70665615fa3377c62065cabf95196b0b8.js:5644:17
    at eval (/Applications/Cocos/Creator/3.7.3/CocosCreator.app/Contents/Resources/resources/3d/engine/bin/.cache/dev/editor/bundled/index.js:161562:9)
    at eval (/Applications/Cocos/Creator/3.7.3/CocosCreator.app/Contents/Resources/resources/3d/engine/bin/.cache/dev/editor/bundled/index.js:151730:9)
3-5-2026 17:05:27 - error: [PreviewInEditor] Cannot read property 'delete' of nullTypeError: Cannot read property 'delete' of null
    at GameManager.offStateChanged (file:///Users/SivasankarS/My_Work_Space/Projects%20/Cocos/FGUI/temp/programming/packer-driver/targets/editor/chunks/91/91c408d7e8eaee3bd3e9c9b1bc24db4f06b5c0dd.js:207:31)
    at UIManager.onDestroy (file:///Users/SivasankarS/My_Work_Space/Projects%20/Cocos/FGUI/temp/programming/packer-driver/targets/editor/chunks/0b/0b18f18e853a29c2ecb57e860fe62fdbb00871ad.js:246:87)
    at eval (eval at tryCatchFunctor_EDITOR (/Applications/Cocos/Creator/3.7.3/CocosCreator.app/Contents/Resources/resources/3d/engine/bin/.cache/dev/editor/bundled/index.js), <anonymous>:4:10)
    at NodeActivator.eval (/Applications/Cocos/Creator/3.7.3/CocosCreator.app/Contents/Resources/resources/3d/engine/bin/.cache/dev/editor/bundled/index.js:49097:42)
    at UIManager._onPreDestroy (/Applications/Cocos/Creator/3.7.3/CocosCreator.app/Contents/Resources/resources/3d/engine/bin/.cache/dev/editor/bundled/index.js:47025:44)
    at UIManager._destroyImmediate (/Applications/Cocos/Creator/3.7.3/CocosCreator.app/Contents/Resources/resources/3d/engine/bin/.cache/dev/editor/bundled/index.js:127228:18)
    at Node._onPreDestroyBase (/Applications/Cocos/Creator/3.7.3/CocosCreator.app/Contents/Resources/resources/3d/engine/bin/.cache/dev/editor/bundled/index.js:51681:22)
    at Node._onPreDestroy (/Applications/Cocos/Creator/3.7.3/CocosCreator.app/Contents/Resources/resources/3d/engine/bin/.cache/dev/editor/bundled/index.js:51731:23)
    at Node._destroyImmediate (/Applications/Cocos/Creator/3.7.3/CocosCreator.app/Contents/Resources/resources/3d/engine/bin/.cache/dev/editor/bundled/index.js:127228:18)
    at Scene._onPreDestroyBase (/Applications/Cocos/Creator/3.7.3/CocosCreator.app/Contents/Resources/resources/3d/engine/bin/.cache/dev/editor/bundled/index.js:51672:25)
3-5-2026 17:05:27 - error: [PreviewInEditor] UIManager: failed to load FairyGUI package at 'FGUI/FGUI': Error: download failed: http://192.168.1.18:7456/remote/resources/import/4f/4fd750de-2255-4a65-9ff1-1c7ed6bd8385.json, status: 404(no response)Error: [PreviewInEditor] UIManager: failed to load FairyGUI package at 'FGUI/FGUI': Error: download failed: http://192.168.1.18:7456/remote/resources/import/4f/4fd750de-2255-4a65-9ff1-1c7ed6bd8385.json, status: 404(no response)
    at file:///Users/SivasankarS/My_Work_Space/Projects%20/Cocos/FGUI/temp/programming/packer-driver/targets/editor/chunks/0b/0b18f18e853a29c2ecb57e860fe62fdbb00871ad.js:211:23
    at file:///Users/SivasankarS/My_Work_Space/Projects%20/Cocos/FGUI/temp/programming/packer-driver/targets/editor/chunks/52/5278aae70665615fa3377c62065cabf95196b0b8.js:5637:39
    at eval (/Applications/Cocos/Creator/3.7.3/CocosCreator.app/Contents/Resources/resources/3d/engine/bin/.cache/dev/editor/bundled/index.js:161562:9)
    at eval (/Applications/Cocos/Creator/3.7.3/CocosCreator.app/Contents/Resources/resources/3d/engine/bin/.cache/dev/editor/bundled/index.js:151730:9)
3-5-2026 17:05:27 - error: [PreviewInEditor] UIManager: Ensure the package is under assets/resources and was published with the 'Cocos Creator' target.Error: [PreviewInEditor] UIManager: Ensure the package is under assets/resources and was published with the 'Cocos Creator' target.
    at file:///Users/SivasankarS/My_Work_Space/Projects%20/Cocos/FGUI/temp/programming/packer-driver/targets/editor/chunks/0b/0b18f18e853a29c2ecb57e860fe62fdbb00871ad.js:212:23
    at file:///Users/SivasankarS/My_Work_Space/Projects%20/Cocos/FGUI/temp/programming/packer-driver/targets/editor/chunks/52/5278aae70665615fa3377c62065cabf95196b0b8.js:5637:39
    at eval (/Applications/Cocos/Creator/3.7.3/CocosCreator.app/Contents/Resources/resources/3d/engine/bin/.cache/dev/editor/bundled/index.js:161562:9)
    at eval (/Applications/Cocos/Creator/3.7.3/CocosCreator.app/Contents/Resources/resources/3d/engine/bin/.cache/dev/editor/bundled/index.js:151730:9)
3-5-2026 17:05:28 - info: [PreviewInEditor] preview process is ready
3-5-2026 17:05:37 - info: [PreviewInEditor] [Physics][Bullet]: Using asmjs Bullet libs.
3-5-2026 17:05:37 - info: [PreviewInEditor] [PHYSICS]: using builtin.
3-5-2026 17:05:42 - log: [PreviewInEditor] Cocos Creator v3.7.3
3-5-2026 17:05:42 - info: [PreviewInEditor] Forward render pipeline initialized.
3-5-2026 17:05:42 - info: [PreviewInEditor] [PHYSICS2D]: switch from builtin to box2d.
3-5-2026 17:05:46 - warn: [PreviewInEditor] Camera 'Editor Camera' clear flag is skybox, but skybox is disabled,  may cause strange background effect, please set camera clear flag to solid color.Error: [PreviewInEditor] Camera 'Editor Camera' clear flag is skybox, but skybox is disabled,  may cause strange background effect, please set camera clear flag to solid color.
    at warn (/Applications/Cocos/Creator/3.7.3/CocosCreator.app/Contents/Resources/resources/3d/engine/bin/.cache/dev/editor/bundled/index.js:147034:12)
    at Object.warnID (/Applications/Cocos/Creator/3.7.3/CocosCreator.app/Contents/Resources/resources/3d/engine/bin/.cache/dev/editor/bundled/index.js:147253:5)
    at sceneCulling (/Applications/Cocos/Creator/3.7.3/CocosCreator.app/Contents/Resources/resources/3d/engine/bin/.cache/dev/editor/bundled/index.js:43445:18)
    at ForwardPipeline.render (/Applications/Cocos/Creator/3.7.3/CocosCreator.app/Contents/Resources/resources/3d/engine/bin/.cache/dev/editor/bundled/index.js:41900:15)
    at Root._frameMoveEnd (/Applications/Cocos/Creator/3.7.3/CocosCreator.app/Contents/Resources/resources/3d/engine/bin/.cache/dev/editor/bundled/index.js:3596:28)
    at Root.frameMove (/Applications/Cocos/Creator/3.7.3/CocosCreator.app/Contents/Resources/resources/3d/engine/bin/.cache/dev/editor/bundled/index.js:3231:18)
    at Director.tick (/Applications/Cocos/Creator/3.7.3/CocosCreator.app/Contents/Resources/resources/3d/engine/bin/.cache/dev/editor/bundled/index.js:13884:24)
3-5-2026 17:05:46 - warn: [PreviewInEditor] Camera 'Editor Camera' clear flag is skybox, but skybox is disabled,  may cause strange background effect, please set camera clear flag to solid color.Error: [PreviewInEditor] Camera 'Editor Camera' clear flag is skybox, but skybox is disabled,  may cause strange background effect, please set camera clear flag to solid color.
    at warn (/Applications/Cocos/Creator/3.7.3/CocosCreator.app/Contents/Resources/resources/3d/engine/bin/.cache/dev/editor/bundled/index.js:147034:12)
    at Object.warnID (/Applications/Cocos/Creator/3.7.3/CocosCreator.app/Contents/Resources/resources/3d/engine/bin/.cache/dev/editor/bundled/index.js:147253:5)
    at sceneCulling (/Applications/Cocos/Creator/3.7.3/CocosCreator.app/Contents/Resources/resources/3d/engine/bin/.cache/dev/editor/bundled/index.js:43445:18)
    at ForwardPipeline.render (/Applications/Cocos/Creator/3.7.3/CocosCreator.app/Contents/Resources/resources/3d/engine/bin/.cache/dev/editor/bundled/index.js:41900:15)
    at Root._frameMoveEnd (/Applications/Cocos/Creator/3.7.3/CocosCreator.app/Contents/Resources/resources/3d/engine/bin/.cache/dev/editor/bundled/index.js:3596:28)
    at Root.frameMove (/Applications/Cocos/Creator/3.7.3/CocosCreator.app/Contents/Resources/resources/3d/engine/bin/.cache/dev/editor/bundled/index.js:3231:18)
    at Director.tick (/Applications/Cocos/Creator/3.7.3/CocosCreator.app/Contents/Resources/resources/3d/engine/bin/.cache/dev/editor/bundled/index.js:13884:24)
3-5-2026 17:06:12 - error: [PreviewInEditor] Cannot read property 'delete' of nullTypeError: Cannot read property 'delete' of null
    at GameManager.offStateChanged (file:///Users/SivasankarS/My_Work_Space/Projects%20/Cocos/FGUI/temp/programming/packer-driver/targets/editor/chunks/91/91c408d7e8eaee3bd3e9c9b1bc24db4f06b5c0dd.js:207:31)
    at UIManager.onDestroy (file:///Users/SivasankarS/My_Work_Space/Projects%20/Cocos/FGUI/temp/programming/packer-driver/targets/editor/chunks/0b/0b18f18e853a29c2ecb57e860fe62fdbb00871ad.js:246:87)
    at eval (eval at tryCatchFunctor_EDITOR (/Applications/Cocos/Creator/3.7.3/CocosCreator.app/Contents/Resources/resources/3d/engine/bin/.cache/dev/editor/bundled/index.js), <anonymous>:4:10)
    at NodeActivator.eval (/Applications/Cocos/Creator/3.7.3/CocosCreator.app/Contents/Resources/resources/3d/engine/bin/.cache/dev/editor/bundled/index.js:49097:42)
    at UIManager._onPreDestroy (/Applications/Cocos/Creator/3.7.3/CocosCreator.app/Contents/Resources/resources/3d/engine/bin/.cache/dev/editor/bundled/index.js:47025:44)
    at UIManager._destroyImmediate (/Applications/Cocos/Creator/3.7.3/CocosCreator.app/Contents/Resources/resources/3d/engine/bin/.cache/dev/editor/bundled/index.js:127228:18)
    at Node._onPreDestroyBase (/Applications/Cocos/Creator/3.7.3/CocosCreator.app/Contents/Resources/resources/3d/engine/bin/.cache/dev/editor/bundled/index.js:51681:22)
    at Node._onPreDestroy (/Applications/Cocos/Creator/3.7.3/CocosCreator.app/Contents/Resources/resources/3d/engine/bin/.cache/dev/editor/bundled/index.js:51731:23)
    at Node._destroyImmediate (/Applications/Cocos/Creator/3.7.3/CocosCreator.app/Contents/Resources/resources/3d/engine/bin/.cache/dev/editor/bundled/index.js:127228:18)
    at Scene._onPreDestroyBase (/Applications/Cocos/Creator/3.7.3/CocosCreator.app/Contents/Resources/resources/3d/engine/bin/.cache/dev/editor/bundled/index.js:51672:25)
3-5-2026 17:06:14 - info: [PreviewInEditor] preview process is ready
3-5-2026 17:06:14 - info: [PreviewInEditor] [Physics][Bullet]: Using asmjs Bullet libs.
3-5-2026 17:06:14 - info: [PreviewInEditor] [PHYSICS]: using builtin.
3-5-2026 17:06:19 - log: [PreviewInEditor] Cocos Creator v3.7.3
3-5-2026 17:06:19 - info: [PreviewInEditor] Forward render pipeline initialized.
3-5-2026 17:06:19 - info: [PreviewInEditor] [PHYSICS2D]: switch from builtin to box2d.
3-5-2026 17:36:54 - info: [PreviewInEditor] preview process is ready
3-5-2026 17:36:55 - info: [PreviewInEditor] [Physics][Bullet]: Using asmjs Bullet libs.
3-5-2026 17:36:55 - info: [PreviewInEditor] [PHYSICS]: using builtin.
3-5-2026 17:37:00 - log: [PreviewInEditor] Cocos Creator v3.7.3
3-5-2026 17:37:00 - info: [PreviewInEditor] Forward render pipeline initialized.
3-5-2026 17:37:00 - info: [PreviewInEditor] [PHYSICS2D]: switch from builtin to box2d.
3-5-2026 17:37:04 - warn: [PreviewInEditor] Camera 'Editor Camera' clear flag is skybox, but skybox is disabled,  may cause strange background effect, please set camera clear flag to solid color.Error: [PreviewInEditor] Camera 'Editor Camera' clear flag is skybox, but skybox is disabled,  may cause strange background effect, please set camera clear flag to solid color.
    at warn (/Applications/Cocos/Creator/3.7.3/CocosCreator.app/Contents/Resources/resources/3d/engine/bin/.cache/dev/editor/bundled/index.js:147034:12)
    at Object.warnID (/Applications/Cocos/Creator/3.7.3/CocosCreator.app/Contents/Resources/resources/3d/engine/bin/.cache/dev/editor/bundled/index.js:147253:5)
    at sceneCulling (/Applications/Cocos/Creator/3.7.3/CocosCreator.app/Contents/Resources/resources/3d/engine/bin/.cache/dev/editor/bundled/index.js:43445:18)
    at ForwardPipeline.render (/Applications/Cocos/Creator/3.7.3/CocosCreator.app/Contents/Resources/resources/3d/engine/bin/.cache/dev/editor/bundled/index.js:41900:15)
    at Root._frameMoveEnd (/Applications/Cocos/Creator/3.7.3/CocosCreator.app/Contents/Resources/resources/3d/engine/bin/.cache/dev/editor/bundled/index.js:3596:28)
    at Root.frameMove (/Applications/Cocos/Creator/3.7.3/CocosCreator.app/Contents/Resources/resources/3d/engine/bin/.cache/dev/editor/bundled/index.js:3231:18)
    at Director.tick (/Applications/Cocos/Creator/3.7.3/CocosCreator.app/Contents/Resources/resources/3d/engine/bin/.cache/dev/editor/bundled/index.js:13884:24)
3-5-2026 17:37:04 - warn: [PreviewInEditor] Camera 'Editor Camera' clear flag is skybox, but skybox is disabled,  may cause strange background effect, please set camera clear flag to solid color.Error: [PreviewInEditor] Camera 'Editor Camera' clear flag is skybox, but skybox is disabled,  may cause strange background effect, please set camera clear flag to solid color.
    at warn (/Applications/Cocos/Creator/3.7.3/CocosCreator.app/Contents/Resources/resources/3d/engine/bin/.cache/dev/editor/bundled/index.js:147034:12)
    at Object.warnID (/Applications/Cocos/Creator/3.7.3/CocosCreator.app/Contents/Resources/resources/3d/engine/bin/.cache/dev/editor/bundled/index.js:147253:5)
    at sceneCulling (/Applications/Cocos/Creator/3.7.3/CocosCreator.app/Contents/Resources/resources/3d/engine/bin/.cache/dev/editor/bundled/index.js:43445:18)
    at ForwardPipeline.render (/Applications/Cocos/Creator/3.7.3/CocosCreator.app/Contents/Resources/resources/3d/engine/bin/.cache/dev/editor/bundled/index.js:41900:15)
    at Root._frameMoveEnd (/Applications/Cocos/Creator/3.7.3/CocosCreator.app/Contents/Resources/resources/3d/engine/bin/.cache/dev/editor/bundled/index.js:3596:28)
    at Root.frameMove (/Applications/Cocos/Creator/3.7.3/CocosCreator.app/Contents/Resources/resources/3d/engine/bin/.cache/dev/editor/bundled/index.js:3231:18)
    at Director.tick (/Applications/Cocos/Creator/3.7.3/CocosCreator.app/Contents/Resources/resources/3d/engine/bin/.cache/dev/editor/bundled/index.js:13884:24)
3-5-2026 17:37:13 - error: [PreviewInEditor] Cannot read property 'delete' of nullTypeError: Cannot read property 'delete' of null
    at GameManager.offStateChanged (file:///Users/SivasankarS/My_Work_Space/Projects%20/Cocos/FGUI/temp/programming/packer-driver/targets/editor/chunks/91/91c408d7e8eaee3bd3e9c9b1bc24db4f06b5c0dd.js:207:31)
    at UIManager.onDestroy (file:///Users/SivasankarS/My_Work_Space/Projects%20/Cocos/FGUI/temp/programming/packer-driver/targets/editor/chunks/0b/0b18f18e853a29c2ecb57e860fe62fdbb00871ad.js:246:87)
    at eval (eval at tryCatchFunctor_EDITOR (/Applications/Cocos/Creator/3.7.3/CocosCreator.app/Contents/Resources/resources/3d/engine/bin/.cache/dev/editor/bundled/index.js), <anonymous>:4:10)
    at NodeActivator.eval (/Applications/Cocos/Creator/3.7.3/CocosCreator.app/Contents/Resources/resources/3d/engine/bin/.cache/dev/editor/bundled/index.js:49097:42)
    at UIManager._onPreDestroy (/Applications/Cocos/Creator/3.7.3/CocosCreator.app/Contents/Resources/resources/3d/engine/bin/.cache/dev/editor/bundled/index.js:47025:44)
    at UIManager._destroyImmediate (/Applications/Cocos/Creator/3.7.3/CocosCreator.app/Contents/Resources/resources/3d/engine/bin/.cache/dev/editor/bundled/index.js:127228:18)
    at Node._onPreDestroyBase (/Applications/Cocos/Creator/3.7.3/CocosCreator.app/Contents/Resources/resources/3d/engine/bin/.cache/dev/editor/bundled/index.js:51681:22)
    at Node._onPreDestroy (/Applications/Cocos/Creator/3.7.3/CocosCreator.app/Contents/Resources/resources/3d/engine/bin/.cache/dev/editor/bundled/index.js:51731:23)
    at Node._destroyImmediate (/Applications/Cocos/Creator/3.7.3/CocosCreator.app/Contents/Resources/resources/3d/engine/bin/.cache/dev/editor/bundled/index.js:127228:18)
    at Scene._onPreDestroyBase (/Applications/Cocos/Creator/3.7.3/CocosCreator.app/Contents/Resources/resources/3d/engine/bin/.cache/dev/editor/bundled/index.js:51672:25)
3-5-2026 17:37:14 - info: [PreviewInEditor] preview process is ready
3-5-2026 17:48:26 - info: [PreviewInEditor] [Physics][Bullet]: Using asmjs Bullet libs.
3-5-2026 17:48:26 - info: [PreviewInEditor] [PHYSICS]: using builtin.
